Release 14.7 Map P.20131013 (nt64)
Xilinx Mapping Report File for Design 'top'

Design Information
------------------
Command Line   : map -intstyle ise -p xc6slx16-csg324-2 -w -logic_opt off -ol
high -t 1 -xt 0 -register_duplication off -r 4 -global_opt off -mt off -ir off
-pr off -lc off -power off -o top_map.ncd top.ngd top.pcf 
Target Device  : xc6slx16
Target Package : csg324
Target Speed   : -2
Mapper Version : spartan6 -- $Revision: 1.55 $
Mapped Date    : Tue Mar 17 17:25:31 2020

Design Summary
--------------
Number of errors:      0
Number of warnings:    4
Slice Logic Utilization:
  Number of Slice Registers:                 3,616 out of  18,224   19%
    Number used as Flip Flops:               3,605
    Number used as Latches:                      0
    Number used as Latch-thrus:                  0
    Number used as AND/OR logics:               11
  Number of Slice LUTs:                      3,875 out of   9,112   42%
    Number used as logic:                    3,741 out of   9,112   41%
      Number using O6 output only:           2,181
      Number using O5 output only:             335
      Number using O5 and O6:                1,225
      Number used as ROM:                        0
    Number used as Memory:                       0 out of   2,176    0%
    Number used exclusively as route-thrus:    134
      Number with same-slice register load:     70
      Number with same-slice carry load:        63
      Number with other load:                    1

Slice Logic Distribution:
  Number of occupied Slices:                 1,463 out of   2,278   64%
  Number of MUXCYs used:                     1,664 out of   4,556   36%
  Number of LUT Flip Flop pairs used:        4,782
    Number with an unused Flip Flop:         1,677 out of   4,782   35%
    Number with an unused LUT:                 907 out of   4,782   18%
    Number of fully used LUT-FF pairs:       2,198 out of   4,782   45%
    Number of unique control sets:             175
    Number of slice register sites lost
      to control set restrictions:             323 out of  18,224    1%

  A LUT Flip Flop pair for this architecture represents one LUT paired with
  one Flip Flop within a slice.  A control set is a unique combination of
  clock, reset, set, and enable signals for a registered element.
  The Slice Logic Distribution report is not meaningful if the design is
  over-mapped for a non-slice resource or if Placement fails.

IO Utilization:
  Number of bonded IOBs:                        90 out of     232   38%
    Number of LOCed IOBs:                       90 out of      90  100%

Specific Feature Utilization:
  Number of RAMB16BWERs:                         3 out of      32    9%
  Number of RAMB8BWERs:                          1 out of      64    1%
  Number of BUFIO2/BUFIO2_2CLKs:                 2 out of      32    6%
    Number used as BUFIO2s:                      2
    Number used as BUFIO2_2CLKs:                 0
  Number of BUFIO2FB/BUFIO2FB_2CLKs:             1 out of      32    3%
    Number used as BUFIO2FBs:                    1
    Number used as BUFIO2FB_2CLKs:               0
  Number of BUFG/BUFGMUXs:                       5 out of      16   31%
    Number used as BUFGs:                        4
    Number used as BUFGMUX:                      1
  Number of DCM/DCM_CLKGENs:                     1 out of       4   25%
    Number used as DCMs:                         1
    Number used as DCM_CLKGENs:                  0
  Number of ILOGIC2/ISERDES2s:                   0 out of     248    0%
  Number of IODELAY2/IODRP2/IODRP2_MCBs:        24 out of     248    9%
    Number used as IODELAY2s:                    0
    Number used as IODRP2s:                      2
    Number used as IODRP2_MCBs:                 22
  Number of OLOGIC2/OSERDES2s:                  47 out of     248   18%
    Number used as OLOGIC2s:                     0
    Number used as OSERDES2s:                   47
  Number of BSCANs:                              0 out of       4    0%
  Number of BUFHs:                               0 out of     128    0%
  Number of BUFPLLs:                             0 out of       8    0%
  Number of BUFPLL_MCBs:                         1 out of       4   25%
  Number of DSP48A1s:                            0 out of      32    0%
  Number of ICAPs:                               0 out of       1    0%
  Number of MCBs:                                1 out of       2   50%
  Number of PCILOGICSEs:                         0 out of       2    0%
  Number of PLL_ADVs:                            1 out of       2   50%
  Number of PMVs:                                0 out of       1    0%
  Number of STARTUPs:                            0 out of       1    0%
  Number of SUSPEND_SYNCs:                       0 out of       1    0%

Average Fanout of Non-Clock Nets:                3.67

Peak Memory Usage:  638 MB
Total REAL time to MAP completion:  58 secs 
Total CPU time to MAP completion:   58 secs 

Table of Contents
-----------------
Section 1 - Errors
Section 2 - Warnings
Section 3 - Informational
Section 4 - Removed Logic Summary
Section 5 - Removed Logic
Section 6 - IOB Properties
Section 7 - RPMs
Section 8 - Guide Report
Section 9 - Area Group and Partition Summary
Section 10 - Timing Report
Section 11 - Configuration String Information
Section 12 - Control Set Information
Section 13 - Utilization by Hierarchy

Section 1 - Errors
------------------

Section 2 - Warnings
--------------------
WARNING:Pack:1653 - At least one timing constraint is impossible to meet because component delays alone exceed the constraint. A timing
   constraint summary below shows the failing constraints (preceded with an Asterisk (*)). Please use the Timing Analyzer (GUI) or TRCE
   (command line) with the Mapped NCD and PCF files to identify which constraints and paths are failing because of the component delays
   alone. If the failing path(s) is mapped to Xilinx components as expected, consider relaxing the constraint. If it is not mapped to
   components as expected, re-evaluate your HDL and how synthesis is optimizing the path. To allow the tools to bypass this error, set the
   environment variable XIL_TIMING_ALLOW_IMPOSSIBLE to 1.


   For more information about the Timing Analyzer, consult the Xilinx Timing Analyzer Reference manual; for more information on TRCE,
   consult the Xilinx Command Line Tools User Guide "TRACE" chapter.
WARNING:Place:1206 - This design contains a global buffer instance,
   <adc_pll_m0/clkout1_buf>, driving the net, <ad9238_clk_ch0_OBUF>, that is
   driving the following (first 30) non-clock load pins off chip.
   < PIN: ad9238_clk_ch0.O; >
   This design practice, in Spartan-6, can lead to an unroutable situation due
   to limitations in the global routing. If the design does route there may be
   excessive delay or skew on this net. It is recommended to use a Clock
   Forwarding technique to create a reliable and repeatable low skew solution:
   instantiate an ODDR2 component; tie the .D0 pin to Logic1; tie the .D1 pin to
   Logic0; tie the clock net to be forwarded to .C0; tie the inverted clock to
   .C1. This is normally an ERROR but the CLOCK_DEDICATED_ROUTE constraint was
   applied on COMP.PIN <adc_pll_m0/clkout1_buf.O> allowing your design to
   continue. This constraint disables all clock placer rules related to the
   specified COMP.PIN.
WARNING:Place:1137 - This design is not guaranteed to be routable! This design
   contains a global buffer instance, <adc_pll_m0/clkout1_buf>, driving the net,
   <ad9238_clk_ch0_OBUF>, that is driving the following (first 30) non-clock
   load pins.
   < PIN: ad9238_clk_ch0.O; >
   This is not a recommended design practice in Spartan-6 due to limitations in
   the global routing that may cause excessive delay, skew or unroutable
   situations.  It is recommended to only use a BUFG resource to drive clock
   loads. Please pay extra attention to the timing and routing of this path to
   ensure the design goals are met. This is normally an ERROR but the
   CLOCK_DEDICATED_ROUTE constraint was applied on COMP.PIN
   <adc_pll_m0/clkout1_buf.O> allowing your design to continue. This constraint
   disables all clock placer rules related to the specified COMP.PIN.
WARNING:PhysDesignRules:2410 - This design is using one or more 9K Block RAMs
   (RAMB8BWER).  9K Block RAM initialization data, both user defined and
   default, may be incorrect and should not be used.  For more information,
   please reference Xilinx Answer Record 39999.

Section 3 - Informational
-------------------------
INFO:LIT:243 - Logical network
   mem_ctrl_inst/ddr3_m0/memc3_infrastructure_inst/rst0_sync_r<24> has no load.
INFO:LIT:395 - The above info message is repeated 41 more times for the
   following (max. 5 shown):
   N423,
   N427,
   e_rxer_IBUF,
   e_txc_IBUF,
   frame_read_write_m0/read_buf/U0/xst_fifo_generator/gconvfifo.rf/grf.rf/gntv_o
   r_sync_fifo.gl0.rd/gras.grdc1.rdc/rd_dc_i<8>
   To see the details of these info messages, please use the -detail switch.
INFO:MapLib:562 - No environment variables are currently set.
INFO:Pack:1716 - Initializing temperature to 85.000 Celsius. (default - Range:
   0.000 to 85.000 Celsius)
INFO:Pack:1720 - Initializing voltage to 1.140 Volts. (default - Range: 1.140 to
   1.260 Volts)
INFO:Map:215 - The Interim Design Summary has been generated in the MAP Report
   (.mrp).
INFO:Pack:1650 - Map created a placed design.
INFO:PhysDesignRules:1861 - To achieve optimal frequency synthesis performance
   with the CLKFX and CLKFX180 outputs of the DCM comp adc_pll_m0/dcm_sp_inst,
   consult the device Data Sheet.

Section 4 - Removed Logic Summary
---------------------------------
 117 block(s) removed
   8 block(s) optimized away
 117 signal(s) removed

Section 5 - Removed Logic
-------------------------

The trimmed logic report below shows the logic removed from your design due to
sourceless or loadless signals, and VCC or ground connections.  If the removal
of a signal or symbol results in the subsequent removal of an additional signal
or symbol, the message explaining that second removal will be indented.  This
indentation will be repeated as a chain of related logic is removed.

To quickly locate the original cause for the removal of a chain of logic, look
above the place where that logic is listed in the trimming report, then locate
the lines that are least indented (begin at the leftmost edge).

The signal "mem_ctrl_inst/ddr3_m0/memc3_infrastructure_inst/rst0_sync_r<24>" is
loadless and has been removed.
 Loadless block "mem_ctrl_inst/ddr3_m0/memc3_infrastructure_inst/rst0_sync_r_24"
(FF) removed.
  The signal "mem_ctrl_inst/ddr3_m0/memc3_infrastructure_inst/rst0_sync_r<23>" is
loadless and has been removed.
   Loadless block "mem_ctrl_inst/ddr3_m0/memc3_infrastructure_inst/rst0_sync_r_23"
(FF) removed.
    The signal "mem_ctrl_inst/ddr3_m0/memc3_infrastructure_inst/rst0_sync_r<22>" is
loadless and has been removed.
     Loadless block "mem_ctrl_inst/ddr3_m0/memc3_infrastructure_inst/rst0_sync_r_22"
(FF) removed.
      The signal "mem_ctrl_inst/ddr3_m0/memc3_infrastructure_inst/rst0_sync_r<21>" is
loadless and has been removed.
       Loadless block "mem_ctrl_inst/ddr3_m0/memc3_infrastructure_inst/rst0_sync_r_21"
(FF) removed.
        The signal "mem_ctrl_inst/ddr3_m0/memc3_infrastructure_inst/rst0_sync_r<20>" is
loadless and has been removed.
         Loadless block "mem_ctrl_inst/ddr3_m0/memc3_infrastructure_inst/rst0_sync_r_20"
(FF) removed.
          The signal "mem_ctrl_inst/ddr3_m0/memc3_infrastructure_inst/rst0_sync_r<19>" is
loadless and has been removed.
           Loadless block "mem_ctrl_inst/ddr3_m0/memc3_infrastructure_inst/rst0_sync_r_19"
(FF) removed.
            The signal "mem_ctrl_inst/ddr3_m0/memc3_infrastructure_inst/rst0_sync_r<18>" is
loadless and has been removed.
             Loadless block "mem_ctrl_inst/ddr3_m0/memc3_infrastructure_inst/rst0_sync_r_18"
(FF) removed.
              The signal "mem_ctrl_inst/ddr3_m0/memc3_infrastructure_inst/rst0_sync_r<17>" is
loadless and has been removed.
               Loadless block "mem_ctrl_inst/ddr3_m0/memc3_infrastructure_inst/rst0_sync_r_17"
(FF) removed.
                The signal "mem_ctrl_inst/ddr3_m0/memc3_infrastructure_inst/rst0_sync_r<16>" is
loadless and has been removed.
                 Loadless block "mem_ctrl_inst/ddr3_m0/memc3_infrastructure_inst/rst0_sync_r_16"
(FF) removed.
                  The signal "mem_ctrl_inst/ddr3_m0/memc3_infrastructure_inst/rst0_sync_r<15>" is
loadless and has been removed.
                   Loadless block "mem_ctrl_inst/ddr3_m0/memc3_infrastructure_inst/rst0_sync_r_15"
(FF) removed.
                    The signal "mem_ctrl_inst/ddr3_m0/memc3_infrastructure_inst/rst0_sync_r<14>" is
loadless and has been removed.
                     Loadless block "mem_ctrl_inst/ddr3_m0/memc3_infrastructure_inst/rst0_sync_r_14"
(FF) removed.
                      The signal "mem_ctrl_inst/ddr3_m0/memc3_infrastructure_inst/rst0_sync_r<13>" is
loadless and has been removed.
                       Loadless block "mem_ctrl_inst/ddr3_m0/memc3_infrastructure_inst/rst0_sync_r_13"
(FF) removed.
                        The signal "mem_ctrl_inst/ddr3_m0/memc3_infrastructure_inst/rst0_sync_r<12>" is
loadless and has been removed.
                         Loadless block "mem_ctrl_inst/ddr3_m0/memc3_infrastructure_inst/rst0_sync_r_12"
(FF) removed.
                          The signal "mem_ctrl_inst/ddr3_m0/memc3_infrastructure_inst/rst0_sync_r<11>" is
loadless and has been removed.
                           Loadless block "mem_ctrl_inst/ddr3_m0/memc3_infrastructure_inst/rst0_sync_r_11"
(FF) removed.
                            The signal "mem_ctrl_inst/ddr3_m0/memc3_infrastructure_inst/rst0_sync_r<10>" is
loadless and has been removed.
                             Loadless block "mem_ctrl_inst/ddr3_m0/memc3_infrastructure_inst/rst0_sync_r_10"
(FF) removed.
                              The signal "mem_ctrl_inst/ddr3_m0/memc3_infrastructure_inst/rst0_sync_r<9>" is
loadless and has been removed.
                               Loadless block "mem_ctrl_inst/ddr3_m0/memc3_infrastructure_inst/rst0_sync_r_9"
(FF) removed.
                                The signal "mem_ctrl_inst/ddr3_m0/memc3_infrastructure_inst/rst0_sync_r<8>" is
loadless and has been removed.
                                 Loadless block "mem_ctrl_inst/ddr3_m0/memc3_infrastructure_inst/rst0_sync_r_8"
(FF) removed.
                                  The signal "mem_ctrl_inst/ddr3_m0/memc3_infrastructure_inst/rst0_sync_r<7>" is
loadless and has been removed.
                                   Loadless block "mem_ctrl_inst/ddr3_m0/memc3_infrastructure_inst/rst0_sync_r_7"
(FF) removed.
                                    The signal "mem_ctrl_inst/ddr3_m0/memc3_infrastructure_inst/rst0_sync_r<6>" is
loadless and has been removed.
                                     Loadless block "mem_ctrl_inst/ddr3_m0/memc3_infrastructure_inst/rst0_sync_r_6"
(FF) removed.
                                      The signal "mem_ctrl_inst/ddr3_m0/memc3_infrastructure_inst/rst0_sync_r<5>" is
loadless and has been removed.
                                       Loadless block "mem_ctrl_inst/ddr3_m0/memc3_infrastructure_inst/rst0_sync_r_5"
(FF) removed.
                                        The signal "mem_ctrl_inst/ddr3_m0/memc3_infrastructure_inst/rst0_sync_r<4>" is
loadless and has been removed.
                                         Loadless block "mem_ctrl_inst/ddr3_m0/memc3_infrastructure_inst/rst0_sync_r_4"
(FF) removed.
                                          The signal "mem_ctrl_inst/ddr3_m0/memc3_infrastructure_inst/rst0_sync_r<3>" is
loadless and has been removed.
                                           Loadless block "mem_ctrl_inst/ddr3_m0/memc3_infrastructure_inst/rst0_sync_r_3"
(FF) removed.
                                            The signal "mem_ctrl_inst/ddr3_m0/memc3_infrastructure_inst/rst0_sync_r<2>" is
loadless and has been removed.
                                             Loadless block "mem_ctrl_inst/ddr3_m0/memc3_infrastructure_inst/rst0_sync_r_2"
(FF) removed.
                                              The signal "mem_ctrl_inst/ddr3_m0/memc3_infrastructure_inst/rst0_sync_r<1>" is
loadless and has been removed.
                                               Loadless block "mem_ctrl_inst/ddr3_m0/memc3_infrastructure_inst/rst0_sync_r_1"
(FF) removed.
                                                The signal "mem_ctrl_inst/ddr3_m0/memc3_infrastructure_inst/rst0_sync_r<0>" is
loadless and has been removed.
                                                 Loadless block "mem_ctrl_inst/ddr3_m0/memc3_infrastructure_inst/rst0_sync_r_0"
(FF) removed.
*The signal "mem_ctrl_inst/ddr3_m0/memc3_infrastructure_inst/rst_tmp" is loadless
and has been removed.
* Loadless block "mem_ctrl_inst/ddr3_m0/memc3_infrastructure_inst/rst_tmp1" (ROM)
removed.
*  The signal
"mem_ctrl_inst/ddr3_m0/memc3_infrastructure_inst/syn_clk0_powerup_pll_locked" is
loadless and has been removed.
*   Loadless block
"mem_ctrl_inst/ddr3_m0/memc3_infrastructure_inst/syn_clk0_powerup_pll_locked"
(FF) removed.
*    The signal
"mem_ctrl_inst/ddr3_m0/memc3_infrastructure_inst/syn_clk0_powerup_pll_locked_rst
pot" is loadless and has been removed.
*     Loadless block
"mem_ctrl_inst/ddr3_m0/memc3_infrastructure_inst/syn_clk0_powerup_pll_locked_rst
pot" (ROM) removed.
The signal
"frame_read_write_m0/read_buf/U0/xst_fifo_generator/gconvfifo.rf/grf.rf/gntv_or_
sync_fifo.gl0.rd/gras.grdc1.rdc/rd_dc_i<8>" is sourceless and has been removed.
The signal
"frame_read_write_m0/read_buf/U0/xst_fifo_generator/gconvfifo.rf/grf.rf/gntv_or_
sync_fifo.gl0.rd/gras.grdc1.rdc/rd_dc_i<7>" is sourceless and has been removed.
The signal
"frame_read_write_m0/read_buf/U0/xst_fifo_generator/gconvfifo.rf/grf.rf/gntv_or_
sync_fifo.gl0.rd/gras.grdc1.rdc/rd_dc_i<6>" is sourceless and has been removed.
The signal
"frame_read_write_m0/read_buf/U0/xst_fifo_generator/gconvfifo.rf/grf.rf/gntv_or_
sync_fifo.gl0.rd/gras.grdc1.rdc/rd_dc_i<5>" is sourceless and has been removed.
The signal
"frame_read_write_m0/read_buf/U0/xst_fifo_generator/gconvfifo.rf/grf.rf/gntv_or_
sync_fifo.gl0.rd/gras.grdc1.rdc/rd_dc_i<4>" is sourceless and has been removed.
The signal
"frame_read_write_m0/read_buf/U0/xst_fifo_generator/gconvfifo.rf/grf.rf/gntv_or_
sync_fifo.gl0.rd/gras.grdc1.rdc/rd_dc_i<3>" is sourceless and has been removed.
The signal
"frame_read_write_m0/read_buf/U0/xst_fifo_generator/gconvfifo.rf/grf.rf/gntv_or_
sync_fifo.gl0.rd/gras.grdc1.rdc/rd_dc_i<2>" is sourceless and has been removed.
The signal
"frame_read_write_m0/read_buf/U0/xst_fifo_generator/gconvfifo.rf/grf.rf/gntv_or_
sync_fifo.gl0.rd/gras.grdc1.rdc/rd_dc_i<1>" is sourceless and has been removed.
The signal
"frame_read_write_m0/read_buf/U0/xst_fifo_generator/gconvfifo.rf/grf.rf/gntv_or_
sync_fifo.gl0.rd/gras.grdc1.rdc/rd_dc_i<0>" is sourceless and has been removed.
The signal
"frame_read_write_m0/read_buf/U0/xst_fifo_generator/gconvfifo.rf/grf.rf/gntv_or_
sync_fifo.gl0.wr/gwas.gwdc0.wdc/wr_data_count_i<6>" is sourceless and has been
removed.
The signal
"frame_read_write_m0/read_buf/U0/xst_fifo_generator/gconvfifo.rf/grf.rf/gntv_or_
sync_fifo.gl0.wr/gwas.gwdc0.wdc/wr_data_count_i<5>" is sourceless and has been
removed.
The signal
"frame_read_write_m0/read_buf/U0/xst_fifo_generator/gconvfifo.rf/grf.rf/gntv_or_
sync_fifo.gl0.wr/gwas.gwdc0.wdc/wr_data_count_i<4>" is sourceless and has been
removed.
The signal
"frame_read_write_m0/read_buf/U0/xst_fifo_generator/gconvfifo.rf/grf.rf/gntv_or_
sync_fifo.gl0.wr/gwas.gwdc0.wdc/wr_data_count_i<3>" is sourceless and has been
removed.
The signal
"frame_read_write_m0/read_buf/U0/xst_fifo_generator/gconvfifo.rf/grf.rf/gntv_or_
sync_fifo.gl0.wr/gwas.gwdc0.wdc/wr_data_count_i<2>" is sourceless and has been
removed.
The signal
"frame_read_write_m0/read_buf/U0/xst_fifo_generator/gconvfifo.rf/grf.rf/gntv_or_
sync_fifo.gl0.wr/gwas.gwdc0.wdc/wr_data_count_i<1>" is sourceless and has been
removed.
The signal
"frame_read_write_m0/read_buf/U0/xst_fifo_generator/gconvfifo.rf/grf.rf/gntv_or_
sync_fifo.gl0.wr/gwas.gwdc0.wdc/wr_data_count_i<0>" is sourceless and has been
removed.
The signal
"frame_read_write_m0/read_buf/U0/xst_fifo_generator/gconvfifo.rf/grf.rf/gntv_or_
sync_fifo.gl0.wr/gwas.wsts/ram_full_i" is sourceless and has been removed.
The signal
"frame_read_write_m0/read_buf/U0/xst_fifo_generator/gconvfifo.rf/grf.rf/gntv_or_
sync_fifo.gl0.rd/gras.rsts/ram_empty_i" is sourceless and has been removed.
The signal
"frame_read_write_m0/read_buf/U0/xst_fifo_generator/gconvfifo.rf/grf.rf/gntv_or_
sync_fifo.gl0.rd/gras.grdc1.rdc/GND_191_o_GND_191_o_sub_2_OUT<8>" is sourceless
and has been removed.
 Sourceless block
"frame_read_write_m0/read_buf/U0/xst_fifo_generator/gconvfifo.rf/grf.rf/gntv_or_
sync_fifo.gl0.rd/gras.grdc1.rdc/rd_dc_i_8" (FF) removed.
The signal
"frame_read_write_m0/read_buf/U0/xst_fifo_generator/gconvfifo.rf/grf.rf/gntv_or_
sync_fifo.gl0.rd/gras.grdc1.rdc/GND_191_o_GND_191_o_sub_2_OUT<7>" is sourceless
and has been removed.
 Sourceless block
"frame_read_write_m0/read_buf/U0/xst_fifo_generator/gconvfifo.rf/grf.rf/gntv_or_
sync_fifo.gl0.rd/gras.grdc1.rdc/rd_dc_i_7" (FF) removed.
The signal
"frame_read_write_m0/read_buf/U0/xst_fifo_generator/gconvfifo.rf/grf.rf/gntv_or_
sync_fifo.gl0.rd/gras.grdc1.rdc/GND_191_o_GND_191_o_sub_2_OUT<6>" is sourceless
and has been removed.
 Sourceless block
"frame_read_write_m0/read_buf/U0/xst_fifo_generator/gconvfifo.rf/grf.rf/gntv_or_
sync_fifo.gl0.rd/gras.grdc1.rdc/rd_dc_i_6" (FF) removed.
The signal
"frame_read_write_m0/read_buf/U0/xst_fifo_generator/gconvfifo.rf/grf.rf/gntv_or_
sync_fifo.gl0.rd/gras.grdc1.rdc/GND_191_o_GND_191_o_sub_2_OUT<5>" is sourceless
and has been removed.
 Sourceless block
"frame_read_write_m0/read_buf/U0/xst_fifo_generator/gconvfifo.rf/grf.rf/gntv_or_
sync_fifo.gl0.rd/gras.grdc1.rdc/rd_dc_i_5" (FF) removed.
The signal
"frame_read_write_m0/read_buf/U0/xst_fifo_generator/gconvfifo.rf/grf.rf/gntv_or_
sync_fifo.gl0.rd/gras.grdc1.rdc/GND_191_o_GND_191_o_sub_2_OUT<4>" is sourceless
and has been removed.
 Sourceless block
"frame_read_write_m0/read_buf/U0/xst_fifo_generator/gconvfifo.rf/grf.rf/gntv_or_
sync_fifo.gl0.rd/gras.grdc1.rdc/rd_dc_i_4" (FF) removed.
The signal
"frame_read_write_m0/read_buf/U0/xst_fifo_generator/gconvfifo.rf/grf.rf/gntv_or_
sync_fifo.gl0.rd/gras.grdc1.rdc/GND_191_o_GND_191_o_sub_2_OUT<3>" is sourceless
and has been removed.
 Sourceless block
"frame_read_write_m0/read_buf/U0/xst_fifo_generator/gconvfifo.rf/grf.rf/gntv_or_
sync_fifo.gl0.rd/gras.grdc1.rdc/rd_dc_i_3" (FF) removed.
The signal
"frame_read_write_m0/read_buf/U0/xst_fifo_generator/gconvfifo.rf/grf.rf/gntv_or_
sync_fifo.gl0.rd/gras.grdc1.rdc/GND_191_o_GND_191_o_sub_2_OUT<2>" is sourceless
and has been removed.
 Sourceless block
"frame_read_write_m0/read_buf/U0/xst_fifo_generator/gconvfifo.rf/grf.rf/gntv_or_
sync_fifo.gl0.rd/gras.grdc1.rdc/rd_dc_i_2" (FF) removed.
The signal
"frame_read_write_m0/read_buf/U0/xst_fifo_generator/gconvfifo.rf/grf.rf/gntv_or_
sync_fifo.gl0.rd/gras.grdc1.rdc/GND_191_o_GND_191_o_sub_2_OUT<1>" is sourceless
and has been removed.
 Sourceless block
"frame_read_write_m0/read_buf/U0/xst_fifo_generator/gconvfifo.rf/grf.rf/gntv_or_
sync_fifo.gl0.rd/gras.grdc1.rdc/rd_dc_i_1" (FF) removed.
The signal
"frame_read_write_m0/read_buf/U0/xst_fifo_generator/gconvfifo.rf/grf.rf/gntv_or_
sync_fifo.gl0.rd/gras.grdc1.rdc/GND_191_o_GND_191_o_sub_2_OUT<0>" is sourceless
and has been removed.
 Sourceless block
"frame_read_write_m0/read_buf/U0/xst_fifo_generator/gconvfifo.rf/grf.rf/gntv_or_
sync_fifo.gl0.rd/gras.grdc1.rdc/rd_dc_i_0" (FF) removed.
The signal
"frame_read_write_m0/read_buf/U0/xst_fifo_generator/gconvfifo.rf/grf.rf/gntv_or_
sync_fifo.gl0.wr/gwas.gwdc0.wdc/GND_197_o_GND_197_o_sub_2_OUT<6>" is sourceless
and has been removed.
 Sourceless block
"frame_read_write_m0/read_buf/U0/xst_fifo_generator/gconvfifo.rf/grf.rf/gntv_or_
sync_fifo.gl0.wr/gwas.gwdc0.wdc/wr_data_count_i_6" (FF) removed.
The signal
"frame_read_write_m0/read_buf/U0/xst_fifo_generator/gconvfifo.rf/grf.rf/gntv_or_
sync_fifo.gl0.wr/gwas.gwdc0.wdc/GND_197_o_GND_197_o_sub_2_OUT<5>" is sourceless
and has been removed.
 Sourceless block
"frame_read_write_m0/read_buf/U0/xst_fifo_generator/gconvfifo.rf/grf.rf/gntv_or_
sync_fifo.gl0.wr/gwas.gwdc0.wdc/wr_data_count_i_5" (FF) removed.
The signal
"frame_read_write_m0/read_buf/U0/xst_fifo_generator/gconvfifo.rf/grf.rf/gntv_or_
sync_fifo.gl0.wr/gwas.gwdc0.wdc/GND_197_o_GND_197_o_sub_2_OUT<4>" is sourceless
and has been removed.
 Sourceless block
"frame_read_write_m0/read_buf/U0/xst_fifo_generator/gconvfifo.rf/grf.rf/gntv_or_
sync_fifo.gl0.wr/gwas.gwdc0.wdc/wr_data_count_i_4" (FF) removed.
The signal
"frame_read_write_m0/read_buf/U0/xst_fifo_generator/gconvfifo.rf/grf.rf/gntv_or_
sync_fifo.gl0.wr/gwas.gwdc0.wdc/GND_197_o_GND_197_o_sub_2_OUT<3>" is sourceless
and has been removed.
 Sourceless block
"frame_read_write_m0/read_buf/U0/xst_fifo_generator/gconvfifo.rf/grf.rf/gntv_or_
sync_fifo.gl0.wr/gwas.gwdc0.wdc/wr_data_count_i_3" (FF) removed.
The signal
"frame_read_write_m0/read_buf/U0/xst_fifo_generator/gconvfifo.rf/grf.rf/gntv_or_
sync_fifo.gl0.wr/gwas.gwdc0.wdc/GND_197_o_GND_197_o_sub_2_OUT<2>" is sourceless
and has been removed.
 Sourceless block
"frame_read_write_m0/read_buf/U0/xst_fifo_generator/gconvfifo.rf/grf.rf/gntv_or_
sync_fifo.gl0.wr/gwas.gwdc0.wdc/wr_data_count_i_2" (FF) removed.
The signal
"frame_read_write_m0/read_buf/U0/xst_fifo_generator/gconvfifo.rf/grf.rf/gntv_or_
sync_fifo.gl0.wr/gwas.gwdc0.wdc/GND_197_o_GND_197_o_sub_2_OUT<1>" is sourceless
and has been removed.
 Sourceless block
"frame_read_write_m0/read_buf/U0/xst_fifo_generator/gconvfifo.rf/grf.rf/gntv_or_
sync_fifo.gl0.wr/gwas.gwdc0.wdc/wr_data_count_i_1" (FF) removed.
The signal
"frame_read_write_m0/read_buf/U0/xst_fifo_generator/gconvfifo.rf/grf.rf/gntv_or_
sync_fifo.gl0.wr/gwas.gwdc0.wdc/GND_197_o_GND_197_o_sub_2_OUT<0>" is sourceless
and has been removed.
 Sourceless block
"frame_read_write_m0/read_buf/U0/xst_fifo_generator/gconvfifo.rf/grf.rf/gntv_or_
sync_fifo.gl0.wr/gwas.gwdc0.wdc/wr_data_count_i_0" (FF) removed.
The signal
"frame_read_write_m0/write_buf/U0/xst_fifo_generator/gconvfifo.rf/grf.rf/gntv_or
_sync_fifo.gl0.rd/gras.grdc1.rdc/rd_dc_i<6>" is sourceless and has been removed.
The signal
"frame_read_write_m0/write_buf/U0/xst_fifo_generator/gconvfifo.rf/grf.rf/gntv_or
_sync_fifo.gl0.rd/gras.grdc1.rdc/rd_dc_i<5>" is sourceless and has been removed.
The signal
"frame_read_write_m0/write_buf/U0/xst_fifo_generator/gconvfifo.rf/grf.rf/gntv_or
_sync_fifo.gl0.rd/gras.grdc1.rdc/rd_dc_i<4>" is sourceless and has been removed.
The signal
"frame_read_write_m0/write_buf/U0/xst_fifo_generator/gconvfifo.rf/grf.rf/gntv_or
_sync_fifo.gl0.rd/gras.grdc1.rdc/rd_dc_i<3>" is sourceless and has been removed.
The signal
"frame_read_write_m0/write_buf/U0/xst_fifo_generator/gconvfifo.rf/grf.rf/gntv_or
_sync_fifo.gl0.rd/gras.grdc1.rdc/rd_dc_i<2>" is sourceless and has been removed.
The signal
"frame_read_write_m0/write_buf/U0/xst_fifo_generator/gconvfifo.rf/grf.rf/gntv_or
_sync_fifo.gl0.rd/gras.grdc1.rdc/rd_dc_i<1>" is sourceless and has been removed.
The signal
"frame_read_write_m0/write_buf/U0/xst_fifo_generator/gconvfifo.rf/grf.rf/gntv_or
_sync_fifo.gl0.rd/gras.grdc1.rdc/rd_dc_i<0>" is sourceless and has been removed.
The signal
"frame_read_write_m0/write_buf/U0/xst_fifo_generator/gconvfifo.rf/grf.rf/gntv_or
_sync_fifo.gl0.wr/gwas.gwdc0.wdc/wr_data_count_i<9>" is sourceless and has been
removed.
The signal
"frame_read_write_m0/write_buf/U0/xst_fifo_generator/gconvfifo.rf/grf.rf/gntv_or
_sync_fifo.gl0.wr/gwas.gwdc0.wdc/wr_data_count_i<8>" is sourceless and has been
removed.
The signal
"frame_read_write_m0/write_buf/U0/xst_fifo_generator/gconvfifo.rf/grf.rf/gntv_or
_sync_fifo.gl0.wr/gwas.gwdc0.wdc/wr_data_count_i<7>" is sourceless and has been
removed.
The signal
"frame_read_write_m0/write_buf/U0/xst_fifo_generator/gconvfifo.rf/grf.rf/gntv_or
_sync_fifo.gl0.wr/gwas.gwdc0.wdc/wr_data_count_i<6>" is sourceless and has been
removed.
The signal
"frame_read_write_m0/write_buf/U0/xst_fifo_generator/gconvfifo.rf/grf.rf/gntv_or
_sync_fifo.gl0.wr/gwas.gwdc0.wdc/wr_data_count_i<5>" is sourceless and has been
removed.
The signal
"frame_read_write_m0/write_buf/U0/xst_fifo_generator/gconvfifo.rf/grf.rf/gntv_or
_sync_fifo.gl0.wr/gwas.gwdc0.wdc/wr_data_count_i<4>" is sourceless and has been
removed.
The signal
"frame_read_write_m0/write_buf/U0/xst_fifo_generator/gconvfifo.rf/grf.rf/gntv_or
_sync_fifo.gl0.wr/gwas.gwdc0.wdc/wr_data_count_i<3>" is sourceless and has been
removed.
The signal
"frame_read_write_m0/write_buf/U0/xst_fifo_generator/gconvfifo.rf/grf.rf/gntv_or
_sync_fifo.gl0.wr/gwas.gwdc0.wdc/wr_data_count_i<2>" is sourceless and has been
removed.
The signal
"frame_read_write_m0/write_buf/U0/xst_fifo_generator/gconvfifo.rf/grf.rf/gntv_or
_sync_fifo.gl0.wr/gwas.gwdc0.wdc/wr_data_count_i<1>" is sourceless and has been
removed.
The signal
"frame_read_write_m0/write_buf/U0/xst_fifo_generator/gconvfifo.rf/grf.rf/gntv_or
_sync_fifo.gl0.wr/gwas.gwdc0.wdc/wr_data_count_i<0>" is sourceless and has been
removed.
The signal
"frame_read_write_m0/write_buf/U0/xst_fifo_generator/gconvfifo.rf/grf.rf/gntv_or
_sync_fifo.gl0.wr/gwas.wsts/ram_full_i" is sourceless and has been removed.
The signal
"frame_read_write_m0/write_buf/U0/xst_fifo_generator/gconvfifo.rf/grf.rf/gntv_or
_sync_fifo.gl0.rd/gras.rsts/ram_empty_i" is sourceless and has been removed.
The signal
"frame_read_write_m0/write_buf/U0/xst_fifo_generator/gconvfifo.rf/grf.rf/gntv_or
_sync_fifo.gl0.rd/gras.grdc1.rdc/GND_191_o_GND_191_o_sub_2_OUT<6>" is sourceless
and has been removed.
 Sourceless block
"frame_read_write_m0/write_buf/U0/xst_fifo_generator/gconvfifo.rf/grf.rf/gntv_or
_sync_fifo.gl0.rd/gras.grdc1.rdc/rd_dc_i_6" (FF) removed.
The signal
"frame_read_write_m0/write_buf/U0/xst_fifo_generator/gconvfifo.rf/grf.rf/gntv_or
_sync_fifo.gl0.rd/gras.grdc1.rdc/GND_191_o_GND_191_o_sub_2_OUT<5>" is sourceless
and has been removed.
 Sourceless block
"frame_read_write_m0/write_buf/U0/xst_fifo_generator/gconvfifo.rf/grf.rf/gntv_or
_sync_fifo.gl0.rd/gras.grdc1.rdc/rd_dc_i_5" (FF) removed.
The signal
"frame_read_write_m0/write_buf/U0/xst_fifo_generator/gconvfifo.rf/grf.rf/gntv_or
_sync_fifo.gl0.rd/gras.grdc1.rdc/GND_191_o_GND_191_o_sub_2_OUT<4>" is sourceless
and has been removed.
 Sourceless block
"frame_read_write_m0/write_buf/U0/xst_fifo_generator/gconvfifo.rf/grf.rf/gntv_or
_sync_fifo.gl0.rd/gras.grdc1.rdc/rd_dc_i_4" (FF) removed.
The signal
"frame_read_write_m0/write_buf/U0/xst_fifo_generator/gconvfifo.rf/grf.rf/gntv_or
_sync_fifo.gl0.rd/gras.grdc1.rdc/GND_191_o_GND_191_o_sub_2_OUT<3>" is sourceless
and has been removed.
 Sourceless block
"frame_read_write_m0/write_buf/U0/xst_fifo_generator/gconvfifo.rf/grf.rf/gntv_or
_sync_fifo.gl0.rd/gras.grdc1.rdc/rd_dc_i_3" (FF) removed.
The signal
"frame_read_write_m0/write_buf/U0/xst_fifo_generator/gconvfifo.rf/grf.rf/gntv_or
_sync_fifo.gl0.rd/gras.grdc1.rdc/GND_191_o_GND_191_o_sub_2_OUT<2>" is sourceless
and has been removed.
 Sourceless block
"frame_read_write_m0/write_buf/U0/xst_fifo_generator/gconvfifo.rf/grf.rf/gntv_or
_sync_fifo.gl0.rd/gras.grdc1.rdc/rd_dc_i_2" (FF) removed.
The signal
"frame_read_write_m0/write_buf/U0/xst_fifo_generator/gconvfifo.rf/grf.rf/gntv_or
_sync_fifo.gl0.rd/gras.grdc1.rdc/GND_191_o_GND_191_o_sub_2_OUT<1>" is sourceless
and has been removed.
 Sourceless block
"frame_read_write_m0/write_buf/U0/xst_fifo_generator/gconvfifo.rf/grf.rf/gntv_or
_sync_fifo.gl0.rd/gras.grdc1.rdc/rd_dc_i_1" (FF) removed.
The signal
"frame_read_write_m0/write_buf/U0/xst_fifo_generator/gconvfifo.rf/grf.rf/gntv_or
_sync_fifo.gl0.rd/gras.grdc1.rdc/GND_191_o_GND_191_o_sub_2_OUT<0>" is sourceless
and has been removed.
 Sourceless block
"frame_read_write_m0/write_buf/U0/xst_fifo_generator/gconvfifo.rf/grf.rf/gntv_or
_sync_fifo.gl0.rd/gras.grdc1.rdc/rd_dc_i_0" (FF) removed.
The signal
"frame_read_write_m0/write_buf/U0/xst_fifo_generator/gconvfifo.rf/grf.rf/gntv_or
_sync_fifo.gl0.wr/gwas.gwdc0.wdc/Msub_GND_197_o_GND_197_o_sub_2_OUT<9:0>_cy<8>"
is sourceless and has been removed.
 Sourceless block
"frame_read_write_m0/write_buf/U0/xst_fifo_generator/gconvfifo.rf/grf.rf/gntv_or
_sync_fifo.gl0.wr/gwas.gwdc0.wdc/Msub_GND_197_o_GND_197_o_sub_2_OUT<9:0>_xor<9>"
(XOR) removed.
  The signal
"frame_read_write_m0/write_buf/U0/xst_fifo_generator/gconvfifo.rf/grf.rf/gntv_or
_sync_fifo.gl0.wr/gwas.gwdc0.wdc/GND_197_o_GND_197_o_sub_2_OUT<9>" is sourceless
and has been removed.
   Sourceless block
"frame_read_write_m0/write_buf/U0/xst_fifo_generator/gconvfifo.rf/grf.rf/gntv_or
_sync_fifo.gl0.wr/gwas.gwdc0.wdc/wr_data_count_i_9" (FF) removed.
The signal
"frame_read_write_m0/write_buf/U0/xst_fifo_generator/gconvfifo.rf/grf.rf/gntv_or
_sync_fifo.gl0.wr/gwas.gwdc0.wdc/Msub_GND_197_o_GND_197_o_sub_2_OUT<9:0>_lut<9>"
is sourceless and has been removed.
The signal
"frame_read_write_m0/write_buf/U0/xst_fifo_generator/gconvfifo.rf/grf.rf/gntv_or
_sync_fifo.gl0.wr/gwas.gwdc0.wdc/Msub_GND_197_o_GND_197_o_sub_2_OUT<9:0>_cy<7>"
is sourceless and has been removed.
 Sourceless block
"frame_read_write_m0/write_buf/U0/xst_fifo_generator/gconvfifo.rf/grf.rf/gntv_or
_sync_fifo.gl0.wr/gwas.gwdc0.wdc/Msub_GND_197_o_GND_197_o_sub_2_OUT<9:0>_xor<8>"
(XOR) removed.
  The signal
"frame_read_write_m0/write_buf/U0/xst_fifo_generator/gconvfifo.rf/grf.rf/gntv_or
_sync_fifo.gl0.wr/gwas.gwdc0.wdc/GND_197_o_GND_197_o_sub_2_OUT<8>" is sourceless
and has been removed.
   Sourceless block
"frame_read_write_m0/write_buf/U0/xst_fifo_generator/gconvfifo.rf/grf.rf/gntv_or
_sync_fifo.gl0.wr/gwas.gwdc0.wdc/wr_data_count_i_8" (FF) removed.
 Sourceless block
"frame_read_write_m0/write_buf/U0/xst_fifo_generator/gconvfifo.rf/grf.rf/gntv_or
_sync_fifo.gl0.wr/gwas.gwdc0.wdc/Msub_GND_197_o_GND_197_o_sub_2_OUT<9:0>_cy<8>"
(MUX) removed.
The signal
"frame_read_write_m0/write_buf/U0/xst_fifo_generator/gconvfifo.rf/grf.rf/gntv_or
_sync_fifo.gl0.wr/gwas.gwdc0.wdc/Msub_GND_197_o_GND_197_o_sub_2_OUT<9:0>_lut<8>"
is sourceless and has been removed.
The signal
"frame_read_write_m0/write_buf/U0/xst_fifo_generator/gconvfifo.rf/grf.rf/gntv_or
_sync_fifo.gl0.wr/gwas.gwdc0.wdc/Msub_GND_197_o_GND_197_o_sub_2_OUT<9:0>_cy<6>"
is sourceless and has been removed.
 Sourceless block
"frame_read_write_m0/write_buf/U0/xst_fifo_generator/gconvfifo.rf/grf.rf/gntv_or
_sync_fifo.gl0.wr/gwas.gwdc0.wdc/Msub_GND_197_o_GND_197_o_sub_2_OUT<9:0>_xor<7>"
(XOR) removed.
  The signal
"frame_read_write_m0/write_buf/U0/xst_fifo_generator/gconvfifo.rf/grf.rf/gntv_or
_sync_fifo.gl0.wr/gwas.gwdc0.wdc/GND_197_o_GND_197_o_sub_2_OUT<7>" is sourceless
and has been removed.
   Sourceless block
"frame_read_write_m0/write_buf/U0/xst_fifo_generator/gconvfifo.rf/grf.rf/gntv_or
_sync_fifo.gl0.wr/gwas.gwdc0.wdc/wr_data_count_i_7" (FF) removed.
 Sourceless block
"frame_read_write_m0/write_buf/U0/xst_fifo_generator/gconvfifo.rf/grf.rf/gntv_or
_sync_fifo.gl0.wr/gwas.gwdc0.wdc/Msub_GND_197_o_GND_197_o_sub_2_OUT<9:0>_cy<7>"
(MUX) removed.
The signal
"frame_read_write_m0/write_buf/U0/xst_fifo_generator/gconvfifo.rf/grf.rf/gntv_or
_sync_fifo.gl0.wr/gwas.gwdc0.wdc/Msub_GND_197_o_GND_197_o_sub_2_OUT<9:0>_lut<7>"
is sourceless and has been removed.
The signal
"frame_read_write_m0/write_buf/U0/xst_fifo_generator/gconvfifo.rf/grf.rf/gntv_or
_sync_fifo.gl0.wr/gwas.gwdc0.wdc/Msub_GND_197_o_GND_197_o_sub_2_OUT<9:0>_cy<5>"
is sourceless and has been removed.
 Sourceless block
"frame_read_write_m0/write_buf/U0/xst_fifo_generator/gconvfifo.rf/grf.rf/gntv_or
_sync_fifo.gl0.wr/gwas.gwdc0.wdc/Msub_GND_197_o_GND_197_o_sub_2_OUT<9:0>_xor<6>"
(XOR) removed.
  The signal
"frame_read_write_m0/write_buf/U0/xst_fifo_generator/gconvfifo.rf/grf.rf/gntv_or
_sync_fifo.gl0.wr/gwas.gwdc0.wdc/GND_197_o_GND_197_o_sub_2_OUT<6>" is sourceless
and has been removed.
   Sourceless block
"frame_read_write_m0/write_buf/U0/xst_fifo_generator/gconvfifo.rf/grf.rf/gntv_or
_sync_fifo.gl0.wr/gwas.gwdc0.wdc/wr_data_count_i_6" (FF) removed.
 Sourceless block
"frame_read_write_m0/write_buf/U0/xst_fifo_generator/gconvfifo.rf/grf.rf/gntv_or
_sync_fifo.gl0.wr/gwas.gwdc0.wdc/Msub_GND_197_o_GND_197_o_sub_2_OUT<9:0>_cy<6>"
(MUX) removed.
The signal
"frame_read_write_m0/write_buf/U0/xst_fifo_generator/gconvfifo.rf/grf.rf/gntv_or
_sync_fifo.gl0.wr/gwas.gwdc0.wdc/Msub_GND_197_o_GND_197_o_sub_2_OUT<9:0>_lut<6>"
is sourceless and has been removed.
The signal
"frame_read_write_m0/write_buf/U0/xst_fifo_generator/gconvfifo.rf/grf.rf/gntv_or
_sync_fifo.gl0.wr/gwas.gwdc0.wdc/Msub_GND_197_o_GND_197_o_sub_2_OUT<9:0>_cy<4>"
is sourceless and has been removed.
 Sourceless block
"frame_read_write_m0/write_buf/U0/xst_fifo_generator/gconvfifo.rf/grf.rf/gntv_or
_sync_fifo.gl0.wr/gwas.gwdc0.wdc/Msub_GND_197_o_GND_197_o_sub_2_OUT<9:0>_xor<5>"
(XOR) removed.
  The signal
"frame_read_write_m0/write_buf/U0/xst_fifo_generator/gconvfifo.rf/grf.rf/gntv_or
_sync_fifo.gl0.wr/gwas.gwdc0.wdc/GND_197_o_GND_197_o_sub_2_OUT<5>" is sourceless
and has been removed.
   Sourceless block
"frame_read_write_m0/write_buf/U0/xst_fifo_generator/gconvfifo.rf/grf.rf/gntv_or
_sync_fifo.gl0.wr/gwas.gwdc0.wdc/wr_data_count_i_5" (FF) removed.
 Sourceless block
"frame_read_write_m0/write_buf/U0/xst_fifo_generator/gconvfifo.rf/grf.rf/gntv_or
_sync_fifo.gl0.wr/gwas.gwdc0.wdc/Msub_GND_197_o_GND_197_o_sub_2_OUT<9:0>_cy<5>"
(MUX) removed.
The signal
"frame_read_write_m0/write_buf/U0/xst_fifo_generator/gconvfifo.rf/grf.rf/gntv_or
_sync_fifo.gl0.wr/gwas.gwdc0.wdc/Msub_GND_197_o_GND_197_o_sub_2_OUT<9:0>_lut<5>"
is sourceless and has been removed.
The signal
"frame_read_write_m0/write_buf/U0/xst_fifo_generator/gconvfifo.rf/grf.rf/gntv_or
_sync_fifo.gl0.wr/gwas.gwdc0.wdc/Msub_GND_197_o_GND_197_o_sub_2_OUT<9:0>_cy<3>"
is sourceless and has been removed.
 Sourceless block
"frame_read_write_m0/write_buf/U0/xst_fifo_generator/gconvfifo.rf/grf.rf/gntv_or
_sync_fifo.gl0.wr/gwas.gwdc0.wdc/Msub_GND_197_o_GND_197_o_sub_2_OUT<9:0>_xor<4>"
(XOR) removed.
  The signal
"frame_read_write_m0/write_buf/U0/xst_fifo_generator/gconvfifo.rf/grf.rf/gntv_or
_sync_fifo.gl0.wr/gwas.gwdc0.wdc/GND_197_o_GND_197_o_sub_2_OUT<4>" is sourceless
and has been removed.
   Sourceless block
"frame_read_write_m0/write_buf/U0/xst_fifo_generator/gconvfifo.rf/grf.rf/gntv_or
_sync_fifo.gl0.wr/gwas.gwdc0.wdc/wr_data_count_i_4" (FF) removed.
 Sourceless block
"frame_read_write_m0/write_buf/U0/xst_fifo_generator/gconvfifo.rf/grf.rf/gntv_or
_sync_fifo.gl0.wr/gwas.gwdc0.wdc/Msub_GND_197_o_GND_197_o_sub_2_OUT<9:0>_cy<4>"
(MUX) removed.
The signal
"frame_read_write_m0/write_buf/U0/xst_fifo_generator/gconvfifo.rf/grf.rf/gntv_or
_sync_fifo.gl0.wr/gwas.gwdc0.wdc/Msub_GND_197_o_GND_197_o_sub_2_OUT<9:0>_lut<4>"
is sourceless and has been removed.
The signal
"frame_read_write_m0/write_buf/U0/xst_fifo_generator/gconvfifo.rf/grf.rf/gntv_or
_sync_fifo.gl0.wr/gwas.gwdc0.wdc/Msub_GND_197_o_GND_197_o_sub_2_OUT<9:0>_cy<2>"
is sourceless and has been removed.
 Sourceless block
"frame_read_write_m0/write_buf/U0/xst_fifo_generator/gconvfifo.rf/grf.rf/gntv_or
_sync_fifo.gl0.wr/gwas.gwdc0.wdc/Msub_GND_197_o_GND_197_o_sub_2_OUT<9:0>_xor<3>"
(XOR) removed.
  The signal
"frame_read_write_m0/write_buf/U0/xst_fifo_generator/gconvfifo.rf/grf.rf/gntv_or
_sync_fifo.gl0.wr/gwas.gwdc0.wdc/GND_197_o_GND_197_o_sub_2_OUT<3>" is sourceless
and has been removed.
   Sourceless block
"frame_read_write_m0/write_buf/U0/xst_fifo_generator/gconvfifo.rf/grf.rf/gntv_or
_sync_fifo.gl0.wr/gwas.gwdc0.wdc/wr_data_count_i_3" (FF) removed.
 Sourceless block
"frame_read_write_m0/write_buf/U0/xst_fifo_generator/gconvfifo.rf/grf.rf/gntv_or
_sync_fifo.gl0.wr/gwas.gwdc0.wdc/Msub_GND_197_o_GND_197_o_sub_2_OUT<9:0>_cy<3>"
(MUX) removed.
The signal
"frame_read_write_m0/write_buf/U0/xst_fifo_generator/gconvfifo.rf/grf.rf/gntv_or
_sync_fifo.gl0.wr/gwas.gwdc0.wdc/Msub_GND_197_o_GND_197_o_sub_2_OUT<9:0>_lut<3>"
is sourceless and has been removed.
The signal
"frame_read_write_m0/write_buf/U0/xst_fifo_generator/gconvfifo.rf/grf.rf/gntv_or
_sync_fifo.gl0.wr/gwas.gwdc0.wdc/Msub_GND_197_o_GND_197_o_sub_2_OUT<9:0>_cy<1>"
is sourceless and has been removed.
 Sourceless block
"frame_read_write_m0/write_buf/U0/xst_fifo_generator/gconvfifo.rf/grf.rf/gntv_or
_sync_fifo.gl0.wr/gwas.gwdc0.wdc/Msub_GND_197_o_GND_197_o_sub_2_OUT<9:0>_xor<2>"
(XOR) removed.
  The signal
"frame_read_write_m0/write_buf/U0/xst_fifo_generator/gconvfifo.rf/grf.rf/gntv_or
_sync_fifo.gl0.wr/gwas.gwdc0.wdc/GND_197_o_GND_197_o_sub_2_OUT<2>" is sourceless
and has been removed.
   Sourceless block
"frame_read_write_m0/write_buf/U0/xst_fifo_generator/gconvfifo.rf/grf.rf/gntv_or
_sync_fifo.gl0.wr/gwas.gwdc0.wdc/wr_data_count_i_2" (FF) removed.
 Sourceless block
"frame_read_write_m0/write_buf/U0/xst_fifo_generator/gconvfifo.rf/grf.rf/gntv_or
_sync_fifo.gl0.wr/gwas.gwdc0.wdc/Msub_GND_197_o_GND_197_o_sub_2_OUT<9:0>_cy<2>"
(MUX) removed.
The signal
"frame_read_write_m0/write_buf/U0/xst_fifo_generator/gconvfifo.rf/grf.rf/gntv_or
_sync_fifo.gl0.wr/gwas.gwdc0.wdc/Msub_GND_197_o_GND_197_o_sub_2_OUT<9:0>_lut<2>"
is sourceless and has been removed.
The signal
"frame_read_write_m0/write_buf/U0/xst_fifo_generator/gconvfifo.rf/grf.rf/gntv_or
_sync_fifo.gl0.wr/gwas.gwdc0.wdc/Msub_GND_197_o_GND_197_o_sub_2_OUT<9:0>_cy<0>"
is sourceless and has been removed.
 Sourceless block
"frame_read_write_m0/write_buf/U0/xst_fifo_generator/gconvfifo.rf/grf.rf/gntv_or
_sync_fifo.gl0.wr/gwas.gwdc0.wdc/Msub_GND_197_o_GND_197_o_sub_2_OUT<9:0>_xor<1>"
(XOR) removed.
  The signal
"frame_read_write_m0/write_buf/U0/xst_fifo_generator/gconvfifo.rf/grf.rf/gntv_or
_sync_fifo.gl0.wr/gwas.gwdc0.wdc/GND_197_o_GND_197_o_sub_2_OUT<1>" is sourceless
and has been removed.
   Sourceless block
"frame_read_write_m0/write_buf/U0/xst_fifo_generator/gconvfifo.rf/grf.rf/gntv_or
_sync_fifo.gl0.wr/gwas.gwdc0.wdc/wr_data_count_i_1" (FF) removed.
 Sourceless block
"frame_read_write_m0/write_buf/U0/xst_fifo_generator/gconvfifo.rf/grf.rf/gntv_or
_sync_fifo.gl0.wr/gwas.gwdc0.wdc/Msub_GND_197_o_GND_197_o_sub_2_OUT<9:0>_cy<1>"
(MUX) removed.
The signal
"frame_read_write_m0/write_buf/U0/xst_fifo_generator/gconvfifo.rf/grf.rf/gntv_or
_sync_fifo.gl0.wr/gwas.gwdc0.wdc/Msub_GND_197_o_GND_197_o_sub_2_OUT<9:0>_lut<1>"
is sourceless and has been removed.
The signal
"frame_read_write_m0/write_buf/U0/xst_fifo_generator/gconvfifo.rf/grf.rf/gntv_or
_sync_fifo.gl0.wr/gwas.gwdc0.wdc/Msub_GND_197_o_GND_197_o_sub_2_OUT<9:0>_lut<0>"
is sourceless and has been removed.
 Sourceless block
"frame_read_write_m0/write_buf/U0/xst_fifo_generator/gconvfifo.rf/grf.rf/gntv_or
_sync_fifo.gl0.wr/gwas.gwdc0.wdc/Msub_GND_197_o_GND_197_o_sub_2_OUT<9:0>_xor<0>"
(XOR) removed.
  The signal
"frame_read_write_m0/write_buf/U0/xst_fifo_generator/gconvfifo.rf/grf.rf/gntv_or
_sync_fifo.gl0.wr/gwas.gwdc0.wdc/GND_197_o_GND_197_o_sub_2_OUT<0>" is sourceless
and has been removed.
   Sourceless block
"frame_read_write_m0/write_buf/U0/xst_fifo_generator/gconvfifo.rf/grf.rf/gntv_or
_sync_fifo.gl0.wr/gwas.gwdc0.wdc/wr_data_count_i_0" (FF) removed.
 Sourceless block
"frame_read_write_m0/write_buf/U0/xst_fifo_generator/gconvfifo.rf/grf.rf/gntv_or
_sync_fifo.gl0.wr/gwas.gwdc0.wdc/Msub_GND_197_o_GND_197_o_sub_2_OUT<9:0>_cy<0>"
(MUX) removed.
Unused block
"frame_read_write_m0/read_buf/U0/xst_fifo_generator/gconvfifo.rf/grf.rf/gntv_or_
sync_fifo.gl0.rd/gras.grdc1.rdc/Msub_GND_191_o_GND_191_o_sub_2_OUT<9:0>_xor<0>"
(XOR) removed.
Unused block
"frame_read_write_m0/read_buf/U0/xst_fifo_generator/gconvfifo.rf/grf.rf/gntv_or_
sync_fifo.gl0.rd/gras.grdc1.rdc/Msub_GND_191_o_GND_191_o_sub_2_OUT<9:0>_xor<1>"
(XOR) removed.
Unused block
"frame_read_write_m0/read_buf/U0/xst_fifo_generator/gconvfifo.rf/grf.rf/gntv_or_
sync_fifo.gl0.rd/gras.grdc1.rdc/Msub_GND_191_o_GND_191_o_sub_2_OUT<9:0>_xor<2>"
(XOR) removed.
Unused block
"frame_read_write_m0/read_buf/U0/xst_fifo_generator/gconvfifo.rf/grf.rf/gntv_or_
sync_fifo.gl0.rd/gras.grdc1.rdc/Msub_GND_191_o_GND_191_o_sub_2_OUT<9:0>_xor<3>"
(XOR) removed.
Unused block
"frame_read_write_m0/read_buf/U0/xst_fifo_generator/gconvfifo.rf/grf.rf/gntv_or_
sync_fifo.gl0.rd/gras.grdc1.rdc/Msub_GND_191_o_GND_191_o_sub_2_OUT<9:0>_xor<4>"
(XOR) removed.
Unused block
"frame_read_write_m0/read_buf/U0/xst_fifo_generator/gconvfifo.rf/grf.rf/gntv_or_
sync_fifo.gl0.rd/gras.grdc1.rdc/Msub_GND_191_o_GND_191_o_sub_2_OUT<9:0>_xor<5>"
(XOR) removed.
Unused block
"frame_read_write_m0/read_buf/U0/xst_fifo_generator/gconvfifo.rf/grf.rf/gntv_or_
sync_fifo.gl0.rd/gras.grdc1.rdc/Msub_GND_191_o_GND_191_o_sub_2_OUT<9:0>_xor<6>"
(XOR) removed.
Unused block
"frame_read_write_m0/read_buf/U0/xst_fifo_generator/gconvfifo.rf/grf.rf/gntv_or_
sync_fifo.gl0.rd/gras.grdc1.rdc/Msub_GND_191_o_GND_191_o_sub_2_OUT<9:0>_xor<7>"
(XOR) removed.
Unused block
"frame_read_write_m0/read_buf/U0/xst_fifo_generator/gconvfifo.rf/grf.rf/gntv_or_
sync_fifo.gl0.rd/gras.grdc1.rdc/Msub_GND_191_o_GND_191_o_sub_2_OUT<9:0>_xor<8>"
(XOR) removed.
Unused block
"frame_read_write_m0/read_buf/U0/xst_fifo_generator/gconvfifo.rf/grf.rf/gntv_or_
sync_fifo.gl0.rd/gras.rsts/ram_empty_i" (FF) removed.
Unused block
"frame_read_write_m0/read_buf/U0/xst_fifo_generator/gconvfifo.rf/grf.rf/gntv_or_
sync_fifo.gl0.wr/gwas.gwdc0.wdc/Msub_GND_197_o_GND_197_o_sub_2_OUT<9:0>_xor<0>"
(XOR) removed.
Unused block
"frame_read_write_m0/read_buf/U0/xst_fifo_generator/gconvfifo.rf/grf.rf/gntv_or_
sync_fifo.gl0.wr/gwas.gwdc0.wdc/Msub_GND_197_o_GND_197_o_sub_2_OUT<9:0>_xor<1>"
(XOR) removed.
Unused block
"frame_read_write_m0/read_buf/U0/xst_fifo_generator/gconvfifo.rf/grf.rf/gntv_or_
sync_fifo.gl0.wr/gwas.gwdc0.wdc/Msub_GND_197_o_GND_197_o_sub_2_OUT<9:0>_xor<2>"
(XOR) removed.
Unused block
"frame_read_write_m0/read_buf/U0/xst_fifo_generator/gconvfifo.rf/grf.rf/gntv_or_
sync_fifo.gl0.wr/gwas.gwdc0.wdc/Msub_GND_197_o_GND_197_o_sub_2_OUT<9:0>_xor<3>"
(XOR) removed.
Unused block
"frame_read_write_m0/read_buf/U0/xst_fifo_generator/gconvfifo.rf/grf.rf/gntv_or_
sync_fifo.gl0.wr/gwas.gwdc0.wdc/Msub_GND_197_o_GND_197_o_sub_2_OUT<9:0>_xor<4>"
(XOR) removed.
Unused block
"frame_read_write_m0/read_buf/U0/xst_fifo_generator/gconvfifo.rf/grf.rf/gntv_or_
sync_fifo.gl0.wr/gwas.gwdc0.wdc/Msub_GND_197_o_GND_197_o_sub_2_OUT<9:0>_xor<5>"
(XOR) removed.
Unused block
"frame_read_write_m0/read_buf/U0/xst_fifo_generator/gconvfifo.rf/grf.rf/gntv_or_
sync_fifo.gl0.wr/gwas.gwdc0.wdc/Msub_GND_197_o_GND_197_o_sub_2_OUT<9:0>_xor<6>"
(XOR) removed.
Unused block
"frame_read_write_m0/read_buf/U0/xst_fifo_generator/gconvfifo.rf/grf.rf/gntv_or_
sync_fifo.gl0.wr/gwas.wsts/ram_full_i" (FF) removed.
Unused block
"frame_read_write_m0/write_buf/U0/xst_fifo_generator/gconvfifo.rf/grf.rf/gntv_or
_sync_fifo.gl0.rd/gras.grdc1.rdc/Msub_GND_191_o_GND_191_o_sub_2_OUT<9:0>_xor<0>"
(XOR) removed.
Unused block
"frame_read_write_m0/write_buf/U0/xst_fifo_generator/gconvfifo.rf/grf.rf/gntv_or
_sync_fifo.gl0.rd/gras.grdc1.rdc/Msub_GND_191_o_GND_191_o_sub_2_OUT<9:0>_xor<1>"
(XOR) removed.
Unused block
"frame_read_write_m0/write_buf/U0/xst_fifo_generator/gconvfifo.rf/grf.rf/gntv_or
_sync_fifo.gl0.rd/gras.grdc1.rdc/Msub_GND_191_o_GND_191_o_sub_2_OUT<9:0>_xor<2>"
(XOR) removed.
Unused block
"frame_read_write_m0/write_buf/U0/xst_fifo_generator/gconvfifo.rf/grf.rf/gntv_or
_sync_fifo.gl0.rd/gras.grdc1.rdc/Msub_GND_191_o_GND_191_o_sub_2_OUT<9:0>_xor<3>"
(XOR) removed.
Unused block
"frame_read_write_m0/write_buf/U0/xst_fifo_generator/gconvfifo.rf/grf.rf/gntv_or
_sync_fifo.gl0.rd/gras.grdc1.rdc/Msub_GND_191_o_GND_191_o_sub_2_OUT<9:0>_xor<4>"
(XOR) removed.
Unused block
"frame_read_write_m0/write_buf/U0/xst_fifo_generator/gconvfifo.rf/grf.rf/gntv_or
_sync_fifo.gl0.rd/gras.grdc1.rdc/Msub_GND_191_o_GND_191_o_sub_2_OUT<9:0>_xor<5>"
(XOR) removed.
Unused block
"frame_read_write_m0/write_buf/U0/xst_fifo_generator/gconvfifo.rf/grf.rf/gntv_or
_sync_fifo.gl0.rd/gras.grdc1.rdc/Msub_GND_191_o_GND_191_o_sub_2_OUT<9:0>_xor<6>"
(XOR) removed.
Unused block
"frame_read_write_m0/write_buf/U0/xst_fifo_generator/gconvfifo.rf/grf.rf/gntv_or
_sync_fifo.gl0.rd/gras.rsts/ram_empty_i" (FF) removed.
Unused block
"frame_read_write_m0/write_buf/U0/xst_fifo_generator/gconvfifo.rf/grf.rf/gntv_or
_sync_fifo.gl0.wr/gwas.gwdc0.wdc/Msub_GND_197_o_GND_197_o_sub_2_OUT<9:0>_lut<0>"
(ROM) removed.
Unused block
"frame_read_write_m0/write_buf/U0/xst_fifo_generator/gconvfifo.rf/grf.rf/gntv_or
_sync_fifo.gl0.wr/gwas.gwdc0.wdc/Msub_GND_197_o_GND_197_o_sub_2_OUT<9:0>_lut<1>"
(ROM) removed.
Unused block
"frame_read_write_m0/write_buf/U0/xst_fifo_generator/gconvfifo.rf/grf.rf/gntv_or
_sync_fifo.gl0.wr/gwas.gwdc0.wdc/Msub_GND_197_o_GND_197_o_sub_2_OUT<9:0>_lut<2>"
(ROM) removed.
Unused block
"frame_read_write_m0/write_buf/U0/xst_fifo_generator/gconvfifo.rf/grf.rf/gntv_or
_sync_fifo.gl0.wr/gwas.gwdc0.wdc/Msub_GND_197_o_GND_197_o_sub_2_OUT<9:0>_lut<3>"
(ROM) removed.
Unused block
"frame_read_write_m0/write_buf/U0/xst_fifo_generator/gconvfifo.rf/grf.rf/gntv_or
_sync_fifo.gl0.wr/gwas.gwdc0.wdc/Msub_GND_197_o_GND_197_o_sub_2_OUT<9:0>_lut<4>"
(ROM) removed.
Unused block
"frame_read_write_m0/write_buf/U0/xst_fifo_generator/gconvfifo.rf/grf.rf/gntv_or
_sync_fifo.gl0.wr/gwas.gwdc0.wdc/Msub_GND_197_o_GND_197_o_sub_2_OUT<9:0>_lut<5>"
(ROM) removed.
Unused block
"frame_read_write_m0/write_buf/U0/xst_fifo_generator/gconvfifo.rf/grf.rf/gntv_or
_sync_fifo.gl0.wr/gwas.gwdc0.wdc/Msub_GND_197_o_GND_197_o_sub_2_OUT<9:0>_lut<6>"
(ROM) removed.
Unused block
"frame_read_write_m0/write_buf/U0/xst_fifo_generator/gconvfifo.rf/grf.rf/gntv_or
_sync_fifo.gl0.wr/gwas.gwdc0.wdc/Msub_GND_197_o_GND_197_o_sub_2_OUT<9:0>_lut<7>"
(ROM) removed.
Unused block
"frame_read_write_m0/write_buf/U0/xst_fifo_generator/gconvfifo.rf/grf.rf/gntv_or
_sync_fifo.gl0.wr/gwas.gwdc0.wdc/Msub_GND_197_o_GND_197_o_sub_2_OUT<9:0>_lut<8>"
(ROM) removed.
Unused block
"frame_read_write_m0/write_buf/U0/xst_fifo_generator/gconvfifo.rf/grf.rf/gntv_or
_sync_fifo.gl0.wr/gwas.gwdc0.wdc/Msub_GND_197_o_GND_197_o_sub_2_OUT<9:0>_lut<9>"
(ROM) removed.
Unused block
"frame_read_write_m0/write_buf/U0/xst_fifo_generator/gconvfifo.rf/grf.rf/gntv_or
_sync_fifo.gl0.wr/gwas.wsts/ram_full_i" (FF) removed.

Optimized Block(s):
TYPE 		BLOCK
GND 		XST_GND
VCC 		XST_VCC
GND
		frame_read_write_m0/read_buf/U0/xst_fifo_generator/gconvfifo.rf/grf.rf/gntv_or
_sync_fifo.mem/gbm.gbmg.gbmga.ngecc.bmg/gnativebmg.native_blk_mem_gen/valid.cstr
/XST_GND
GND 		frame_read_write_m0/read_buf/XST_GND
VCC 		frame_read_write_m0/read_buf/XST_VCC
GND
		frame_read_write_m0/write_buf/U0/xst_fifo_generator/gconvfifo.rf/grf.rf/gntv_o
r_sync_fifo.mem/gbm.gbmg.gbmga.ngecc.bmg/gnativebmg.native_blk_mem_gen/valid.cst
r/XST_GND
GND 		frame_read_write_m0/write_buf/XST_GND
VCC 		frame_read_write_m0/write_buf/XST_VCC

To enable printing of redundant blocks removed and signals merged, set the
detailed map report option and rerun map.

Section 11 - Timing Report
--------------------------
INFO:Timing:3284 - This timing report was generated using estimated delay 
   information.  For accurate numbers, please refer to the post Place and Route 
   timing report.
Number of Timing Constraints that were not applied: 4

Asterisk (*) preceding a constraint indicates it was not met.
   This may be due to a setup or hold violation.

----------------------------------------------------------------------------------------------------------
  Constraint                                |    Check    | Worst Case |  Best Case | Timing |   Timing   
                                            |             |    Slack   | Achievable | Errors |    Score   
----------------------------------------------------------------------------------------------------------
* TS_adc_pll_m0_clkfx = PERIOD TIMEGRP "adc | SETUP       |    -4.338ns|   557.951ns|      18|       71266
  _pll_m0_clkfx" TS_sys_clk_pin * 1.3 HIGH  | HOLD        |     0.132ns|            |       0|           0
  50%                                       |             |            |            |        |            
----------------------------------------------------------------------------------------------------------
* TS_mem_ctrl_inst_ddr3_m0_memc3_infrastruc | SETUP       |    -0.770ns|    25.120ns|       1|         770
  ture_inst_mcb_drp_clk_bufg_in = PERIOD TI | HOLD        |     0.060ns|            |       0|           0
  MEGRP "mem_ctrl_inst_ddr3_m0_memc3_infras |             |            |            |        |            
  tructure_inst_mcb_drp_clk_bufg_in" TS_sys |             |            |            |        |            
  _clk_pin * 1.5625 HIGH 50%                |             |            |            |        |            
----------------------------------------------------------------------------------------------------------
  TS_mem_ctrl_inst_ddr3_m0_memc3_infrastruc | MINPERIOD   |     0.001ns|     1.599ns|       0|           0
  ture_inst_clk_2x_180 = PERIOD TIMEGRP "me |             |            |            |        |            
  m_ctrl_inst_ddr3_m0_memc3_infrastructure_ |             |            |            |        |            
  inst_clk_2x_180" TS_sys_clk_pin * 12.5 PH |             |            |            |        |            
  ASE 0.8 ns HIGH 50%                       |             |            |            |        |            
----------------------------------------------------------------------------------------------------------
  TS_mem_ctrl_inst_ddr3_m0_memc3_infrastruc | MINPERIOD   |     0.001ns|     1.599ns|       0|           0
  ture_inst_clk_2x_0 = PERIOD TIMEGRP "mem_ |             |            |            |        |            
  ctrl_inst_ddr3_m0_memc3_infrastructure_in |             |            |            |        |            
  st_clk_2x_0" TS_sys_clk_pin * 12.5 HIGH 5 |             |            |            |        |            
  0%                                        |             |            |            |        |            
----------------------------------------------------------------------------------------------------------
  TS_sys_clk_pin = PERIOD TIMEGRP "sys_clk_ | MINLOWPULSE |    12.000ns|     8.000ns|       0|           0
  pin" 50 MHz HIGH 50%                      |             |            |            |        |            
----------------------------------------------------------------------------------------------------------
  TS_mem_ctrl_inst_ddr3_m0_memc3_infrastruc | SETUP       |     1.621ns|     3.362ns|       0|           0
  ture_inst_clk0_bufg_in = PERIOD TIMEGRP " | HOLD        |     0.132ns|            |       0|           0
  mem_ctrl_inst_ddr3_m0_memc3_infrastructur | MINPERIOD   |     2.830ns|     3.570ns|       0|           0
  e_inst_clk0_bufg_in" TS_sys_clk_pin * 3.1 |             |            |            |        |            
  25 HIGH 50%                               |             |            |            |        |            
----------------------------------------------------------------------------------------------------------
  TS_grxc_clk_pin = PERIOD TIMEGRP "grxc_cl | SETUP       |     5.083ns|     2.917ns|       0|           0
  k_pin" 8 ns HIGH 50%                      | HOLD        |     0.132ns|            |       0|           0
                                            | MINPERIOD   |     4.430ns|     3.570ns|       0|           0
----------------------------------------------------------------------------------------------------------
  TS_gtxc_clk_pin = PERIOD TIMEGRP "gtxc_cl | N/A         |         N/A|         N/A|     N/A|         N/A
  k_pin" 8 ns HIGH 50%                      |             |            |            |        |            
----------------------------------------------------------------------------------------------------------


Derived Constraint Report
Review Timing Report for more details on the following derived constraints.
To create a Timing Report, run "trce -v 12 -fastpaths -o design_timing_report design.ncd design.pcf"
or "Run Timing Analysis" from Timing Analyzer (timingan).
Derived Constraints for TS_sys_clk_pin
+-------------------------------+-------------+-------------+-------------+-------------+-------------+-------------+-------------+
|                               |   Period    |       Actual Period       |      Timing Errors        |      Paths Analyzed       |
|           Constraint          | Requirement |-------------+-------------|-------------+-------------|-------------+-------------|
|                               |             |   Direct    | Derivative  |   Direct    | Derivative  |   Direct    | Derivative  |
+-------------------------------+-------------+-------------+-------------+-------------+-------------+-------------+-------------+
|TS_sys_clk_pin                 |     20.000ns|      8.000ns|    725.336ns|            0|           19|            0|        33425|
| TS_adc_pll_m0_clkfx           |     15.385ns|    557.951ns|          N/A|           18|            0|         3920|            0|
| TS_mem_ctrl_inst_ddr3_m0_memc3|     12.800ns|     25.120ns|          N/A|            1|            0|        24471|            0|
| _infrastructure_inst_mcb_drp_c|             |             |             |             |             |             |             |
| lk_bufg_in                    |             |             |             |             |             |             |             |
| TS_mem_ctrl_inst_ddr3_m0_memc3|      1.600ns|      1.599ns|          N/A|            0|            0|            0|            0|
| _infrastructure_inst_clk_2x_18|             |             |             |             |             |             |             |
| 0                             |             |             |             |             |             |             |             |
| TS_mem_ctrl_inst_ddr3_m0_memc3|      1.600ns|      1.599ns|          N/A|            0|            0|            0|            0|
| _infrastructure_inst_clk_2x_0 |             |             |             |             |             |             |             |
| TS_mem_ctrl_inst_ddr3_m0_memc3|      6.400ns|      3.570ns|          N/A|            0|            0|         5034|            0|
| _infrastructure_inst_clk0_bufg|             |             |             |             |             |             |             |
| _in                           |             |             |             |             |             |             |             |
+-------------------------------+-------------+-------------+-------------+-------------+-------------+-------------+-------------+

2 constraints not met.
INFO:Timing:2761 - N/A entries in the Constraints List may indicate that the 
   constraint is not analyzed due to the following: No paths covered by this 
   constraint; Other constraints intersect with this constraint; or This 
   constraint was disabled by a Path Tracing Control. Please run the Timespec 
   Interaction Report (TSI) via command line (trce tsi) or Timing Analyzer GUI.



Section 6 - IOB Properties
--------------------------

+---------------------------------------------------------------------------------------------------------------------------------------------------------+
| IOB Name                           | Type             | Direction | IO Standard          | Diff  | Drive    | Slew | Reg (s)      | Resistor | IOB      |
|                                    |                  |           |                      | Term  | Strength | Rate |              |          | Delay    |
+---------------------------------------------------------------------------------------------------------------------------------------------------------+
| ad9238_clk_ch0                     | IOB              | OUTPUT    | LVCMOS33             |       | 12       | FAST |              |          |          |
| ad9238_data_ch0<0>                 | IOB              | INPUT     | LVCMOS33             |       |          |      |              |          |          |
| ad9238_data_ch0<1>                 | IOB              | INPUT     | LVCMOS33             |       |          |      |              |          |          |
| ad9238_data_ch0<2>                 | IOB              | INPUT     | LVCMOS33             |       |          |      |              |          |          |
| ad9238_data_ch0<3>                 | IOB              | INPUT     | LVCMOS33             |       |          |      |              |          |          |
| ad9238_data_ch0<4>                 | IOB              | INPUT     | LVCMOS33             |       |          |      |              |          |          |
| ad9238_data_ch0<5>                 | IOB              | INPUT     | LVCMOS33             |       |          |      |              |          |          |
| ad9238_data_ch0<6>                 | IOB              | INPUT     | LVCMOS33             |       |          |      |              |          |          |
| ad9238_data_ch0<7>                 | IOB              | INPUT     | LVCMOS33             |       |          |      |              |          |          |
| ad9238_data_ch0<8>                 | IOB              | INPUT     | LVCMOS33             |       |          |      |              |          |          |
| ad9238_data_ch0<9>                 | IOB              | INPUT     | LVCMOS33             |       |          |      |              |          |          |
| ad9238_data_ch0<10>                | IOB              | INPUT     | LVCMOS33             |       |          |      |              |          |          |
| ad9238_data_ch0<11>                | IOB              | INPUT     | LVCMOS33             |       |          |      |              |          |          |
| clk                                | IOB              | INPUT     | LVCMOS25             |       |          |      |              |          |          |
| e_gtxc                             | IOB              | OUTPUT    | LVCMOS33             |       | 12       | FAST |              |          |          |
| e_mdc                              | IOB              | OUTPUT    | LVCMOS33             |       | 12       | SLOW |              |          |          |
| e_mdio                             | IOB              | OUTPUT    | LVCMOS33             |       | 12       | SLOW |              |          |          |
| e_reset                            | IOB              | OUTPUT    | LVCMOS33             |       | 12       | SLOW |              |          |          |
| e_rxc                              | IOB              | INPUT     | LVCMOS33             |       |          |      |              |          |          |
| e_rxd<0>                           | IOB              | INPUT     | LVCMOS33             |       |          |      |              |          |          |
| e_rxd<1>                           | IOB              | INPUT     | LVCMOS33             |       |          |      |              |          |          |
| e_rxd<2>                           | IOB              | INPUT     | LVCMOS33             |       |          |      |              |          |          |
| e_rxd<3>                           | IOB              | INPUT     | LVCMOS33             |       |          |      |              |          |          |
| e_rxd<4>                           | IOB              | INPUT     | LVCMOS33             |       |          |      |              |          |          |
| e_rxd<5>                           | IOB              | INPUT     | LVCMOS33             |       |          |      |              |          |          |
| e_rxd<6>                           | IOB              | INPUT     | LVCMOS33             |       |          |      |              |          |          |
| e_rxd<7>                           | IOB              | INPUT     | LVCMOS33             |       |          |      |              |          |          |
| e_rxdv                             | IOB              | INPUT     | LVCMOS33             |       |          |      |              |          |          |
| e_rxer                             | IOB              | INPUT     | LVCMOS33             |       |          |      |              |          |          |
| e_txc                              | IOB              | INPUT     | LVCMOS33             |       |          |      |              |          |          |
| e_txd<0>                           | IOB              | OUTPUT    | LVCMOS33             |       | 12       | FAST |              |          |          |
| e_txd<1>                           | IOB              | OUTPUT    | LVCMOS33             |       | 12       | FAST |              |          |          |
| e_txd<2>                           | IOB              | OUTPUT    | LVCMOS33             |       | 12       | FAST |              |          |          |
| e_txd<3>                           | IOB              | OUTPUT    | LVCMOS33             |       | 12       | FAST |              |          |          |
| e_txd<4>                           | IOB              | OUTPUT    | LVCMOS33             |       | 12       | FAST |              |          |          |
| e_txd<5>                           | IOB              | OUTPUT    | LVCMOS33             |       | 12       | FAST |              |          |          |
| e_txd<6>                           | IOB              | OUTPUT    | LVCMOS33             |       | 12       | FAST |              |          |          |
| e_txd<7>                           | IOB              | OUTPUT    | LVCMOS33             |       | 12       | FAST |              |          |          |
| e_txen                             | IOB              | OUTPUT    | LVCMOS33             |       | 12       | FAST |              |          |          |
| e_txer                             | IOB              | OUTPUT    | LVCMOS33             |       | 12       | FAST |              |          |          |
| mcb3_dram_a<0>                     | IOB              | OUTPUT    | SSTL15_II            |       |          |      | OSERDES      |          |          |
| mcb3_dram_a<1>                     | IOB              | OUTPUT    | SSTL15_II            |       |          |      | OSERDES      |          |          |
| mcb3_dram_a<2>                     | IOB              | OUTPUT    | SSTL15_II            |       |          |      | OSERDES      |          |          |
| mcb3_dram_a<3>                     | IOB              | OUTPUT    | SSTL15_II            |       |          |      | OSERDES      |          |          |
| mcb3_dram_a<4>                     | IOB              | OUTPUT    | SSTL15_II            |       |          |      | OSERDES      |          |          |
| mcb3_dram_a<5>                     | IOB              | OUTPUT    | SSTL15_II            |       |          |      | OSERDES      |          |          |
| mcb3_dram_a<6>                     | IOB              | OUTPUT    | SSTL15_II            |       |          |      | OSERDES      |          |          |
| mcb3_dram_a<7>                     | IOB              | OUTPUT    | SSTL15_II            |       |          |      | OSERDES      |          |          |
| mcb3_dram_a<8>                     | IOB              | OUTPUT    | SSTL15_II            |       |          |      | OSERDES      |          |          |
| mcb3_dram_a<9>                     | IOB              | OUTPUT    | SSTL15_II            |       |          |      | OSERDES      |          |          |
| mcb3_dram_a<10>                    | IOB              | OUTPUT    | SSTL15_II            |       |          |      | OSERDES      |          |          |
| mcb3_dram_a<11>                    | IOB              | OUTPUT    | SSTL15_II            |       |          |      | OSERDES      |          |          |
| mcb3_dram_a<12>                    | IOB              | OUTPUT    | SSTL15_II            |       |          |      | OSERDES      |          |          |
| mcb3_dram_a<13>                    | IOB              | OUTPUT    | SSTL15_II            |       |          |      | OSERDES      |          |          |
| mcb3_dram_ba<0>                    | IOB              | OUTPUT    | SSTL15_II            |       |          |      | OSERDES      |          |          |
| mcb3_dram_ba<1>                    | IOB              | OUTPUT    | SSTL15_II            |       |          |      | OSERDES      |          |          |
| mcb3_dram_ba<2>                    | IOB              | OUTPUT    | SSTL15_II            |       |          |      | OSERDES      |          |          |
| mcb3_dram_cas_n                    | IOB              | OUTPUT    | SSTL15_II            |       |          |      | OSERDES      |          |          |
| mcb3_dram_ck                       | IOB              | OUTPUT    | DIFF_SSTL15_II       |       |          |      | OSERDES      |          |          |
| mcb3_dram_ck_n                     | IOB              | OUTPUT    | DIFF_SSTL15_II       |       |          |      | OSERDES      |          |          |
| mcb3_dram_cke                      | IOB              | OUTPUT    | SSTL15_II            |       |          |      | OSERDES      |          |          |
| mcb3_dram_dm                       | IOB              | OUTPUT    | SSTL15_II            |       |          |      |              |          |          |
| mcb3_dram_dq<0>                    | IOB              | BIDIR     | SSTL15_II            |       |          |      |              |          |          |
| mcb3_dram_dq<1>                    | IOB              | BIDIR     | SSTL15_II            |       |          |      |              |          |          |
| mcb3_dram_dq<2>                    | IOB              | BIDIR     | SSTL15_II            |       |          |      |              |          |          |
| mcb3_dram_dq<3>                    | IOB              | BIDIR     | SSTL15_II            |       |          |      |              |          |          |
| mcb3_dram_dq<4>                    | IOB              | BIDIR     | SSTL15_II            |       |          |      |              |          |          |
| mcb3_dram_dq<5>                    | IOB              | BIDIR     | SSTL15_II            |       |          |      |              |          |          |
| mcb3_dram_dq<6>                    | IOB              | BIDIR     | SSTL15_II            |       |          |      |              |          |          |
| mcb3_dram_dq<7>                    | IOB              | BIDIR     | SSTL15_II            |       |          |      |              |          |          |
| mcb3_dram_dq<8>                    | IOB              | BIDIR     | SSTL15_II            |       |          |      |              |          |          |
| mcb3_dram_dq<9>                    | IOB              | BIDIR     | SSTL15_II            |       |          |      |              |          |          |
| mcb3_dram_dq<10>                   | IOB              | BIDIR     | SSTL15_II            |       |          |      |              |          |          |
| mcb3_dram_dq<11>                   | IOB              | BIDIR     | SSTL15_II            |       |          |      |              |          |          |
| mcb3_dram_dq<12>                   | IOB              | BIDIR     | SSTL15_II            |       |          |      |              |          |          |
| mcb3_dram_dq<13>                   | IOB              | BIDIR     | SSTL15_II            |       |          |      |              |          |          |
| mcb3_dram_dq<14>                   | IOB              | BIDIR     | SSTL15_II            |       |          |      |              |          |          |
| mcb3_dram_dq<15>                   | IOB              | BIDIR     | SSTL15_II            |       |          |      |              |          |          |
| mcb3_dram_dqs                      | IOB              | BIDIR     | DIFF_SSTL15_II       |       |          |      |              | PULLDOWN |          |
| mcb3_dram_dqs_n                    | IOB              | BIDIR     | DIFF_SSTL15_II       |       |          |      |              | PULLUP   |          |
| mcb3_dram_odt                      | IOB              | OUTPUT    | SSTL15_II            |       |          |      | OSERDES      |          |          |
| mcb3_dram_ras_n                    | IOB              | OUTPUT    | SSTL15_II            |       |          |      | OSERDES      |          |          |
| mcb3_dram_reset_n                  | IOB              | OUTPUT    | LVCMOS15             |       | 12       | SLOW | OSERDES      |          |          |
| mcb3_dram_udm                      | IOB              | OUTPUT    | SSTL15_II            |       |          |      |              |          |          |
| mcb3_dram_udqs                     | IOB              | BIDIR     | DIFF_SSTL15_II       |       |          |      |              | PULLDOWN |          |
| mcb3_dram_udqs_n                   | IOB              | BIDIR     | DIFF_SSTL15_II       |       |          |      |              | PULLUP   |          |
| mcb3_dram_we_n                     | IOB              | OUTPUT    | SSTL15_II            |       |          |      | OSERDES      |          |          |
| mcb3_rzq                           | IOB              | BIDIR     | SSTL15_II            |       |          |      |              |          | DEFAULT  |
| mcb3_zio                           | IOB              | BIDIR     | SSTL15_II            |       |          |      |              |          | DEFAULT  |
| rst_n                              | IOB              | INPUT     | LVCMOS15             |       |          |      |              |          |          |
+---------------------------------------------------------------------------------------------------------------------------------------------------------+

Section 7 - RPMs
----------------

Section 8 - Guide Report
------------------------
Guide not run on this design.

Section 9 - Area Group and Partition Summary
--------------------------------------------

Partition Implementation Status
-------------------------------

  No Partitions were found in this design.

-------------------------------

Area Group Information
----------------------

  No area groups were found in this design.

----------------------

Section 10 - Timing Report
--------------------------
A logic-level (pre-route) timing report can be generated by using Xilinx static
timing analysis tools, Timing Analyzer (GUI) or TRCE (command line), with the
mapped NCD and PCF files. Please note that this timing report will be generated
using estimated delay information. For accurate numbers, please generate a
timing report with the post Place and Route NCD file.

For more information about the Timing Analyzer, consult the Xilinx Timing
Analyzer Reference Manual; for more information about TRCE, consult the Xilinx
Command Line Tools User Guide "TRACE" chapter.

Section 11 - Configuration String Details
-----------------------------------------
Use the "-detail" map option to print out Configuration Strings

Section 12 - Control Set Information
------------------------------------
Use the "-detail" map option to print out Control Set Information.

Section 13 - Utilization by Hierarchy
-------------------------------------
Use the "-detail" map option to print out the Utilization by Hierarchy section.
