INFO:sim:172 - Generating IP...
Resolving generics for 'afifo_16_1024'...
Applying external generics to 'afifo_16_1024'...
Delivering associated files for 'afifo_16_1024'...
Delivering EJava files for 'afifo_16_1024'...
Generating implementation netlist for 'afifo_16_1024'...
INFO:sim - Pre-processing HDL files for 'afifo_16_1024'...
WARNING:sim - BlackBox generator run option '-ifmt' found multiple times. Only
   the first occurence is considered.
Running synthesis for 'afifo_16_1024'
Running ngcbuild...
Writing VEO instantiation template for 'afifo_16_1024'...
Writing Verilog behavioral simulation model for 'afifo_16_1024'...
WARNING:sim - Overwriting existing file
   E:/BaiduYunDownload/AX516.190526/demo/27_ad9226_ethernet/ipcore_dir/tmp/_cg/a
   fifo_16_1024/doc/fifo_generator_v9_3_vinfo.html with file from view
   xilinx_documentation
Delivered 3 files into directory
E:/BaiduYunDownload/AX516.190526/demo/27_ad9226_ethernet/ipcore_dir/tmp/_cg/afif
o_16_1024
Delivered 1 file into directory
E:/BaiduYunDownload/AX516.190526/demo/27_ad9226_ethernet/ipcore_dir/tmp/_cg/afif
o_16_1024
Generating ASY schematic symbol...
INFO:sim:949 - Finished generation of ASY schematic symbol.
Generating SYM schematic symbol for 'afifo_16_1024'...
Generating metadata file...
Generating ISE project file for 'afifo_16_1024'...
Generating ISE project...
XCO file found: afifo_16_1024.xco
XMDF file found: afifo_16_1024_xmdf.tcl
Adding
E:/BaiduYunDownload/AX516.190526/demo/27_ad9226_ethernet/ipcore_dir/tmp/_cg/afif
o_16_1024.asy -view all -origin_type imported
Adding
E:/BaiduYunDownload/AX516.190526/demo/27_ad9226_ethernet/ipcore_dir/tmp/_cg/afif
o_16_1024.ngc -view all -origin_type created
Checking file
"E:/BaiduYunDownload/AX516.190526/demo/27_ad9226_ethernet/ipcore_dir/tmp/_cg/afi
fo_16_1024.ngc" for project device match ...
File
"E:/BaiduYunDownload/AX516.190526/demo/27_ad9226_ethernet/ipcore_dir/tmp/_cg/afi
fo_16_1024.ngc" device information matches project device.
Adding
E:/BaiduYunDownload/AX516.190526/demo/27_ad9226_ethernet/ipcore_dir/tmp/_cg/afif
o_16_1024.sym -view all -origin_type imported
Adding
E:/BaiduYunDownload/AX516.190526/demo/27_ad9226_ethernet/ipcore_dir/tmp/_cg/afif
o_16_1024.v -view all -origin_type created
INFO:HDLCompiler:1845 - Analyzing Verilog file
   "E:/BaiduYunDownload/AX516.190526/demo/27_ad9226_ethernet/ipcore_dir/tmp/_cg/
   afifo_16_1024.v" into library work
INFO:ProjectMgmt - Parsing design hierarchy completed successfully.
Adding
E:/BaiduYunDownload/AX516.190526/demo/27_ad9226_ethernet/ipcore_dir/tmp/_cg/afif
o_16_1024.veo -view all -origin_type imported
INFO:TclTasksC:2116 - The automatic calculation of top has been turned-off.
   Please set the new top explicitly by running the "project set top" command.
   To re-calculate the new top automatically, set the "Auto Implementation Top"
   property to true.
Top level has been set to "/afifo_16_1024"
Generating README file...
Generating FLIST file...
INFO:sim:948 - Finished FLIST file generation.
Launching README viewer...
Moving files to output directory...
Finished moving files to output directory
Wrote CGP file for project 'afifo_16_1024'.
